<?xml version="1.0" encoding="UTF-8"?>
<!-- Generated by org.testng.reporters.JUnitReportReporter -->
<testsuite hostname="DESKTOP-10BO66O" failures="0" tests="1" name="Tests.InvloginTest" time="8.705" errors="0" timestamp="2021-07-15T02:13:07 IST" skipped="0">
  <testcase classname="Tests.InvloginTest" name="logTest" time="8.705"/>
  <system-out/>
</testsuite> <!-- Tests.InvloginTest -->
