<?xml version="1.0" encoding="UTF-8"?>
<!-- Generated by org.testng.reporters.JUnitReportReporter -->
<testsuite hostname="DESKTOP-10BO66O" failures="0" tests="1" name="Tests.LoginTest" time="10.007" errors="0" timestamp="2021-07-15T02:12:10 IST" skipped="0">
  <testcase classname="Tests.LoginTest" name="logTest" time="10.007"/>
  <system-out/>
</testsuite> <!-- Tests.LoginTest -->
