<?xml version="1.0" encoding="UTF-8"?>
<!-- Generated by org.testng.reporters.JUnitReportReporter -->
<testsuite hostname="DESKTOP-10BO66O" failures="0" tests="1" name="Tests.instest" time="0.006" errors="0" timestamp="2021-07-14T22:19:45 IST" skipped="0">
  <testcase classname="Tests.instest" name="test1" time="0.006"/>
  <system-out/>
</testsuite> <!-- Tests.instest -->
