<?xml version="1.0" encoding="UTF-8"?>
<!-- Generated by org.testng.reporters.JUnitReportReporter -->
<testsuite hostname="DESKTOP-10BO66O" failures="0" tests="1" name="Tests.LogoutTest" time="11.245" errors="0" timestamp="2021-07-15T02:13:40 IST" skipped="0">
  <testcase classname="Tests.LogoutTest" name="LogoutTst" time="11.245"/>
  <system-out/>
</testsuite> <!-- Tests.LogoutTest -->
