<?xml version="1.0" encoding="UTF-8"?>
<!-- Generated by org.testng.reporters.JUnitReportReporter -->
<testsuite hostname="DESKTOP-10BO66O" failures="0" tests="1" name="Tests.HomepageTest" time="21.562" errors="0" timestamp="2021-07-15T10:11:06 IST" skipped="0">
  <testcase classname="Tests.HomepageTest" name="requestQuoteTest" time="21.562"/>
  <system-out/>
</testsuite> <!-- Tests.HomepageTest -->
